<?xml version="1.0" encoding="UTF-8"?>
<testng-results ignored="0" total="1" passed="1" failed="0" skipped="0">
  <reporter-output>
  </reporter-output>
  <suite started-at="2022-10-13T19:55:49 IST" name="Default suite" finished-at="2022-10-13T19:56:39 IST" duration-ms="49697">
    <groups>
    </groups>
    <test started-at="2022-10-13T19:55:49 IST" name="Default test" finished-at="2022-10-13T19:56:39 IST" duration-ms="49697">
      <class name="org.testvagrant.ImdbAndWikiPagesValidation">
        <test-method is-config="true" signature="classSetup()[pri:0, instance:org.testvagrant.ImdbAndWikiPagesValidation@23c30a20]" started-at="2022-10-13T19:55:49 IST" name="classSetup" finished-at="2022-10-13T19:55:56 IST" duration-ms="6951" status="PASS">
          <reporter-output>
          </reporter-output>
        </test-method> <!-- classSetup -->
        <test-method signature="ValidationOfImdbAndWikiPage()[pri:0, instance:org.testvagrant.ImdbAndWikiPagesValidation@23c30a20]" started-at="2022-10-13T19:55:56 IST" name="ValidationOfImdbAndWikiPage" finished-at="2022-10-13T19:56:38 IST" duration-ms="41547" status="PASS">
          <reporter-output>
          </reporter-output>
        </test-method> <!-- ValidationOfImdbAndWikiPage -->
        <test-method is-config="true" signature="classTearDown()[pri:0, instance:org.testvagrant.ImdbAndWikiPagesValidation@23c30a20]" started-at="2022-10-13T19:56:38 IST" name="classTearDown" finished-at="2022-10-13T19:56:39 IST" duration-ms="1088" status="PASS">
          <reporter-output>
          </reporter-output>
        </test-method> <!-- classTearDown -->
      </class> <!-- org.testvagrant.ImdbAndWikiPagesValidation -->
    </test> <!-- Default test -->
  </suite> <!-- Default suite -->
</testng-results>
